WARM Assembly of genrand.s                                              Page 1

Line [ Addr ]
0001           ;;; super swervy random number generator
0002           ;;; (c) 2014 d.r.smith
0003 [0x0000]: main:   swi     #SysGetNum
     [0x0000]: 0x06800201 = 0b00000110100000000000001000000001
0004 [0x0001]:         mvn     r1,r0
     [0x0001]: 0x06084000 = 0b00000110000010000100000000000000
0005 [0x0002]:         adds    r1,r1,#1
     [0x0002]: 0x10088001 = 0b00010000000010001000000000000001
0006 [0x0003]:         beq     done
     [0x0003]: 0x4c000007 = 0b01001100000000000000000000000111
0007 [0x0004]: loop:   swi     #SysEntropy
     [0x0004]: 0x06800005 = 0b00000110100000000000000000000101
0008 [0x0005]:         swi     #SysPutNum
     [0x0005]: 0x06800401 = 0b00000110100000000000010000000001
0009 [0x0006]:         mov     r0,#10
     [0x0006]: 0x05800205 = 0b00000101100000000000001000000101
0010 [0x0007]:         swi     #SysPutChar
     [0x0007]: 0x06800003 = 0b00000110100000000000000000000011
0011 [0x0008]:         adds    r1,r1,#1
     [0x0008]: 0x10088001 = 0b00010000000010001000000000000001
0012 [0x0009]:         bne     loop
     [0x0009]: 0x6cfffffb = 0b01101100111111111111111111111011
0013 [0x000a]: done:   mov     r0,#0
     [0x000a]: 0x05800000 = 0b00000101100000000000000000000000
0014 [0x000b]:         swi     #SysPutNum
     [0x000b]: 0x06800401 = 0b00000110100000000000010000000001
0015 [0x000c]:         mov     r0, #10
     [0x000c]: 0x05800205 = 0b00000101100000000000001000000101
0016 [0x000d]:         swi     #SysPutChar
     [0x000d]: 0x06800003 = 0b00000110100000000000000000000011
0017 [0x000e]:         swi     #SysHalt
     [0x000e]: 0x06800000 = 0b00000110100000000000000000000000

-------------------------------------------------------------------------------
Symbols defined:
        done=10             loop=4              main=0      
-------------------------------------------------------------------------------
Assembled 15 instructions at 441.18 instructions per second.
